<?xml version="1.0" encoding="UTF-8"?>
<!-- Generated by org.testng.reporters.JUnitReportReporter -->
<testsuite hostname="RFL294.local" failures="0" tests="1" name="PageClasses.CentralClass" time="4.429" errors="0" timestamp="2022-11-06T23:32:14 IST" skipped="0">
  <testcase classname="PageClasses.CentralClass" name="launchApplication" time="4.429"/>
  <system-out/>
</testsuite> <!-- PageClasses.CentralClass -->
