<?xml version="1.0" encoding="UTF-8"?>
<!-- Generated by org.testng.reporters.JUnitReportReporter -->
<testsuite hostname="RFL294.local" failures="0" tests="1" name="PageObjectModel.Sampleframework.FirstTestCase" time="4.228" errors="0" timestamp="2022-11-04T15:21:58 IST" skipped="0">
  <testcase classname="PageObjectModel.Sampleframework.FirstTestCase" name="FirstTestcase" time="4.228"/>
  <system-out/>
</testsuite> <!-- PageObjectModel.Sampleframework.FirstTestCase -->
