<?xml version="1.0" encoding="UTF-8"?>
<!-- Generated by org.testng.reporters.JUnitReportReporter -->
<testsuite hostname="RFL294.local" failures="0" tests="1" name="PageObjectModel.Sampleframework.App" time="0.263" errors="0" timestamp="2022-11-02T14:15:31 IST" skipped="0">
  <testcase classname="PageObjectModel.Sampleframework.App" name="testRun" time="0.263"/>
  <system-out/>
</testsuite> <!-- PageObjectModel.Sampleframework.App -->
