<?xml version="1.0" encoding="UTF-8"?>
<!-- Generated by org.testng.reporters.JUnitReportReporter -->
<testsuite hostname="RFL294.local" failures="0" tests="1" name="Testcases.LoginTest" time="19.724" errors="0" timestamp="2022-11-11T12:37:22 IST" skipped="0">
  <testcase classname="Testcases.LoginTest" name="Verifylogin" time="19.724"/>
  <system-out/>
</testsuite> <!-- Testcases.LoginTest -->
