<?xml version="1.0" encoding="UTF-8"?>
<!-- Generated by org.testng.reporters.JUnitReportReporter -->
<testsuite hostname="RFL294.local" failures="0" tests="1" name="PageObjectModel.Sampleframework.AppTest" time="0.010" errors="0" timestamp="2022-10-31T14:51:53 IST" skipped="0">
  <testcase classname="PageObjectModel.Sampleframework.AppTest" name="shouldAnswerWithTrue" time="0.010"/>
  <system-out/>
</testsuite> <!-- PageObjectModel.Sampleframework.AppTest -->
