<?xml version="1.0" encoding="UTF-8"?>
<!-- Generated by org.testng.reporters.JUnitReportReporter -->
<testsuite hostname="RFL294.local" failures="0" tests="1" name="TestcaseClasses.FirstTestCase" time="15.412" errors="0" timestamp="2022-11-07T01:39:32 IST" skipped="0">
  <testcase classname="TestcaseClasses.FirstTestCase" name="Verifylogin" time="15.412"/>
  <system-out/>
</testsuite> <!-- TestcaseClasses.FirstTestCase -->
